2021-03-06 21:23:26.673 INFO  com.loscy.wiki.WikiApplication                    :55   [32m                  [0;39m Starting WikiApplication using Java 1.8.0_162 on LAPTOP-VNHVP98H with PID 13376 (D:\Tekapo_Work\IdeaProjects\wiki\target\classes started by Tekapo in D:\Tekapo_Work\IdeaProjects\wiki)
2021-03-06 21:23:26.675 INFO  com.loscy.wiki.WikiApplication                    :660  [32m                  [0;39m No active profile set, falling back to default profiles: default
2021-03-06 21:23:27.346 INFO  o.s.boot.web.embedded.tomcat.TomcatWebServer      :108  [32m                  [0;39m Tomcat initialized with port(s): 8080 (http)
2021-03-06 21:23:27.355 INFO  org.apache.coyote.http11.Http11NioProtocol        :173  [32m                  [0;39m Initializing ProtocolHandler ["http-nio-8080"]
2021-03-06 21:23:27.361 INFO  org.apache.catalina.core.StandardService          :173  [32m                  [0;39m Starting service [Tomcat]
2021-03-06 21:23:27.362 INFO  org.apache.catalina.core.StandardEngine           :173  [32m                  [0;39m Starting Servlet engine: [Apache Tomcat/9.0.43]
2021-03-06 21:23:27.410 INFO  o.a.c.core.ContainerBase.[Tomcat].[localhost].[/] :173  [32m                  [0;39m Initializing Spring embedded WebApplicationContext
2021-03-06 21:23:27.410 INFO  o.s.b.w.s.c.ServletWebServerApplicationContext    :289  [32m                  [0;39m Root WebApplicationContext: initialization completed in 700 ms
2021-03-06 21:23:27.518 INFO  o.s.scheduling.concurrent.ThreadPoolTaskExecutor  :181  [32m                  [0;39m Initializing ExecutorService 'applicationTaskExecutor'
2021-03-06 21:23:27.617 INFO  org.apache.coyote.http11.Http11NioProtocol        :173  [32m                  [0;39m Starting ProtocolHandler ["http-nio-8080"]
2021-03-06 21:23:27.631 INFO  o.s.boot.web.embedded.tomcat.TomcatWebServer      :220  [32m                  [0;39m Tomcat started on port(s): 8080 (http) with context path ''
2021-03-06 21:23:27.638 INFO  com.loscy.wiki.WikiApplication                    :61   [32m                  [0;39m Started WikiApplication in 1.281 seconds (JVM running for 1.941)
2021-03-06 21:26:20.185 INFO  com.loscy.wiki.WikiApplication                    :55   [32m                  [0;39m Starting WikiApplication using Java 1.8.0_162 on LAPTOP-VNHVP98H with PID 6964 (D:\Tekapo_Work\IdeaProjects\wiki\target\classes started by Tekapo in D:\Tekapo_Work\IdeaProjects\wiki)
2021-03-06 21:26:20.187 INFO  com.loscy.wiki.WikiApplication                    :660  [32m                  [0;39m No active profile set, falling back to default profiles: default
2021-03-06 21:26:20.760 INFO  o.s.boot.web.embedded.tomcat.TomcatWebServer      :108  [32m                  [0;39m Tomcat initialized with port(s): 8080 (http)
2021-03-06 21:26:20.766 INFO  org.apache.coyote.http11.Http11NioProtocol        :173  [32m                  [0;39m Initializing ProtocolHandler ["http-nio-8080"]
2021-03-06 21:26:20.766 INFO  org.apache.catalina.core.StandardService          :173  [32m                  [0;39m Starting service [Tomcat]
2021-03-06 21:26:20.767 INFO  org.apache.catalina.core.StandardEngine           :173  [32m                  [0;39m Starting Servlet engine: [Apache Tomcat/9.0.43]
2021-03-06 21:26:20.811 INFO  o.a.c.core.ContainerBase.[Tomcat].[localhost].[/] :173  [32m                  [0;39m Initializing Spring embedded WebApplicationContext
2021-03-06 21:26:20.811 INFO  o.s.b.w.s.c.ServletWebServerApplicationContext    :289  [32m                  [0;39m Root WebApplicationContext: initialization completed in 593 ms
2021-03-06 21:26:20.933 INFO  o.s.scheduling.concurrent.ThreadPoolTaskExecutor  :181  [32m                  [0;39m Initializing ExecutorService 'applicationTaskExecutor'
2021-03-06 21:26:21.036 INFO  org.apache.coyote.http11.Http11NioProtocol        :173  [32m                  [0;39m Starting ProtocolHandler ["http-nio-8080"]
2021-03-06 21:26:21.054 INFO  o.s.boot.web.embedded.tomcat.TomcatWebServer      :220  [32m                  [0;39m Tomcat started on port(s): 8080 (http) with context path ''
2021-03-06 21:26:21.065 INFO  com.loscy.wiki.WikiApplication                    :61   [32m                  [0;39m Started WikiApplication in 1.156 seconds (JVM running for 1.798)
